[2025-01-28 13:52:10.575] [jointLog] [info] setting maxHashResizeThreads to 2
[2025-01-28 13:52:10.575] [jointLog] [info] Fragment incompatibility prior below threshold.  Incompatible fragments will be ignored.
[2025-01-28 13:52:10.575] [jointLog] [info] Usage of --validateMappings implies use of minScoreFraction. Since not explicitly specified, it is being set to 0.65
[2025-01-28 13:52:10.575] [jointLog] [info] Setting consensusSlack to selective-alignment default of 0.35.
[2025-01-28 13:52:10.575] [jointLog] [info] parsing read library format
[2025-01-28 13:52:10.575] [jointLog] [info] There is 1 library.
[2025-01-28 13:52:10.575] [jointLog] [info] Loading pufferfish index
[2025-01-28 13:52:10.575] [jointLog] [info] Loading dense pufferfish index.
[2025-01-28 13:52:10.584] [jointLog] [info] done
[2025-01-28 13:52:10.661] [jointLog] [info] Index contained 1,524 targets
[2025-01-28 13:52:10.661] [jointLog] [info] Number of decoys : 0
[2025-01-28 13:52:16.681] [fileLog] [info] 
At end of round 0
==================
Observed 993185 total fragments (993185 in most recent round)

[2025-01-28 13:52:16.681] [jointLog] [info] Computed 7,569 rich equivalence classes for further processing
[2025-01-28 13:52:16.681] [jointLog] [info] Counted 993,167 total reads in the equivalence classes 
[2025-01-28 13:52:16.683] [jointLog] [info] Number of mappings discarded because of alignment score : 193,923
[2025-01-28 13:52:16.683] [jointLog] [info] Number of fragments entirely discarded because of alignment score : 18
[2025-01-28 13:52:16.683] [jointLog] [info] Number of fragments discarded because they are best-mapped to decoys : 0
[2025-01-28 13:52:16.683] [jointLog] [info] Number of fragments discarded because they have only dovetail (discordant) mappings to valid targets : 630
[2025-01-28 13:52:16.683] [jointLog] [warning] Only 993167 fragments were mapped, but the number of burn-in fragments was set to 5000000.
The effective lengths have been computed using the observed mappings.

[2025-01-28 13:52:16.683] [jointLog] [info] Mapping rate = 99.9982%

[2025-01-28 13:52:16.683] [jointLog] [info] finished quantifyLibrary()
[2025-01-28 13:52:16.684] [jointLog] [info] Starting optimizer
[2025-01-28 13:52:16.686] [jointLog] [info] Marked 0 weighted equivalence classes as degenerate
[2025-01-28 13:52:16.686] [jointLog] [info] iteration = 0 | max rel diff. = 16.2831
[2025-01-28 13:52:16.732] [jointLog] [info] iteration = 100 | max rel diff. = 0.0133074
[2025-01-28 13:52:16.754] [jointLog] [info] iteration = 176 | max rel diff. = 0.00847934
[2025-01-28 13:52:16.754] [jointLog] [info] Finished optimizer
[2025-01-28 13:52:16.754] [jointLog] [info] writing output 

