[2025-01-28 13:52:03.202] [jointLog] [info] setting maxHashResizeThreads to 2
[2025-01-28 13:52:03.202] [jointLog] [info] Fragment incompatibility prior below threshold.  Incompatible fragments will be ignored.
[2025-01-28 13:52:03.202] [jointLog] [info] Usage of --validateMappings implies use of minScoreFraction. Since not explicitly specified, it is being set to 0.65
[2025-01-28 13:52:03.202] [jointLog] [info] Setting consensusSlack to selective-alignment default of 0.35.
[2025-01-28 13:52:03.202] [jointLog] [info] parsing read library format
[2025-01-28 13:52:03.202] [jointLog] [info] There is 1 library.
[2025-01-28 13:52:03.202] [jointLog] [info] Loading pufferfish index
[2025-01-28 13:52:03.202] [jointLog] [info] Loading dense pufferfish index.
[2025-01-28 13:52:03.210] [jointLog] [info] done
[2025-01-28 13:52:03.287] [jointLog] [info] Index contained 1,524 targets
[2025-01-28 13:52:03.287] [jointLog] [info] Number of decoys : 0
[2025-01-28 13:52:10.074] [fileLog] [info] 
At end of round 0
==================
Observed 999589 total fragments (999589 in most recent round)

[2025-01-28 13:52:10.074] [jointLog] [info] Computed 7,571 rich equivalence classes for further processing
[2025-01-28 13:52:10.074] [jointLog] [info] Counted 999,575 total reads in the equivalence classes 
[2025-01-28 13:52:10.076] [jointLog] [info] Number of mappings discarded because of alignment score : 191,558
[2025-01-28 13:52:10.076] [jointLog] [info] Number of fragments entirely discarded because of alignment score : 14
[2025-01-28 13:52:10.076] [jointLog] [info] Number of fragments discarded because they are best-mapped to decoys : 0
[2025-01-28 13:52:10.076] [jointLog] [info] Number of fragments discarded because they have only dovetail (discordant) mappings to valid targets : 736
[2025-01-28 13:52:10.076] [jointLog] [warning] Only 999575 fragments were mapped, but the number of burn-in fragments was set to 5000000.
The effective lengths have been computed using the observed mappings.

[2025-01-28 13:52:10.076] [jointLog] [info] Mapping rate = 99.9986%

[2025-01-28 13:52:10.076] [jointLog] [info] finished quantifyLibrary()
[2025-01-28 13:52:10.076] [jointLog] [info] Starting optimizer
[2025-01-28 13:52:10.078] [jointLog] [info] Marked 0 weighted equivalence classes as degenerate
[2025-01-28 13:52:10.079] [jointLog] [info] iteration = 0 | max rel diff. = 21.9763
[2025-01-28 13:52:10.106] [jointLog] [info] iteration = 100 | max rel diff. = 0.00719141
[2025-01-28 13:52:10.106] [jointLog] [info] Finished optimizer
[2025-01-28 13:52:10.106] [jointLog] [info] writing output 

