[2025-02-04 20:42:09.639] [jointLog] [info] setting maxHashResizeThreads to 2
[2025-02-04 20:42:09.639] [jointLog] [info] Fragment incompatibility prior below threshold.  Incompatible fragments will be ignored.
[2025-02-04 20:42:09.639] [jointLog] [info] Usage of --validateMappings implies use of minScoreFraction. Since not explicitly specified, it is being set to 0.65
[2025-02-04 20:42:09.639] [jointLog] [info] Setting consensusSlack to selective-alignment default of 0.35.
[2025-02-04 20:42:09.639] [jointLog] [info] parsing read library format
[2025-02-04 20:42:09.639] [jointLog] [info] There is 1 library.
[2025-02-04 20:42:09.639] [jointLog] [info] Loading pufferfish index
[2025-02-04 20:42:09.639] [jointLog] [info] Loading dense pufferfish index.
[2025-02-04 20:42:09.646] [jointLog] [info] done
[2025-02-04 20:42:09.727] [jointLog] [info] Index contained 1,524 targets
[2025-02-04 20:42:09.727] [jointLog] [info] Number of decoys : 0
[2025-02-04 20:42:17.427] [jointLog] [info] Computed 7,555 rich equivalence classes for further processing
[2025-02-04 20:42:17.427] [jointLog] [info] Counted 1,394,285 total reads in the equivalence classes 
[2025-02-04 20:42:17.429] [jointLog] [info] Number of mappings discarded because of alignment score : 242,536
[2025-02-04 20:42:17.429] [jointLog] [info] Number of fragments entirely discarded because of alignment score : 16
[2025-02-04 20:42:17.429] [jointLog] [info] Number of fragments discarded because they are best-mapped to decoys : 0
[2025-02-04 20:42:17.429] [jointLog] [info] Number of fragments discarded because they have only dovetail (discordant) mappings to valid targets : 535
[2025-02-04 20:42:17.429] [jointLog] [warning] Only 1394285 fragments were mapped, but the number of burn-in fragments was set to 5000000.
The effective lengths have been computed using the observed mappings.

[2025-02-04 20:42:17.429] [jointLog] [info] Mapping rate = 99.9989%

[2025-02-04 20:42:17.429] [jointLog] [info] finished quantifyLibrary()
[2025-02-04 20:42:17.429] [jointLog] [info] Starting optimizer
[2025-02-04 20:42:17.431] [jointLog] [info] Marked 0 weighted equivalence classes as degenerate
[2025-02-04 20:42:17.432] [jointLog] [info] iteration = 0 | max rel diff. = 17.9507
[2025-02-04 20:42:17.493] [jointLog] [info] iteration = 100 | max rel diff. = 0.00516413
[2025-02-04 20:42:17.493] [jointLog] [info] Finished optimizer
[2025-02-04 20:42:17.493] [jointLog] [info] writing output 

[2025-02-04 20:42:17.427] [fileLog] [info] 
At end of round 0
==================
Observed 1394301 total fragments (1394301 in most recent round)

