[2025-02-04 20:41:51.355] [jointLog] [info] setting maxHashResizeThreads to 2
[2025-02-04 20:41:51.355] [jointLog] [info] Fragment incompatibility prior below threshold.  Incompatible fragments will be ignored.
[2025-02-04 20:41:51.355] [jointLog] [info] Usage of --validateMappings implies use of minScoreFraction. Since not explicitly specified, it is being set to 0.65
[2025-02-04 20:41:51.355] [jointLog] [info] Setting consensusSlack to selective-alignment default of 0.35.
[2025-02-04 20:41:51.355] [jointLog] [info] parsing read library format
[2025-02-04 20:41:51.355] [jointLog] [info] There is 1 library.
[2025-02-04 20:41:51.355] [jointLog] [info] Loading pufferfish index
[2025-02-04 20:41:51.355] [jointLog] [info] Loading dense pufferfish index.
[2025-02-04 20:41:51.363] [jointLog] [info] done
[2025-02-04 20:41:51.442] [jointLog] [info] Index contained 1,524 targets
[2025-02-04 20:41:51.442] [jointLog] [info] Number of decoys : 0
[2025-02-04 20:41:59.398] [fileLog] [info] 
At end of round 0
==================
Observed 1306181 total fragments (1306181 in most recent round)

[2025-02-04 20:41:59.397] [jointLog] [info] Computed 7,552 rich equivalence classes for further processing
[2025-02-04 20:41:59.397] [jointLog] [info] Counted 1,306,145 total reads in the equivalence classes 
[2025-02-04 20:41:59.399] [jointLog] [info] Number of mappings discarded because of alignment score : 230,652
[2025-02-04 20:41:59.399] [jointLog] [info] Number of fragments entirely discarded because of alignment score : 36
[2025-02-04 20:41:59.399] [jointLog] [info] Number of fragments discarded because they are best-mapped to decoys : 0
[2025-02-04 20:41:59.399] [jointLog] [info] Number of fragments discarded because they have only dovetail (discordant) mappings to valid targets : 597
[2025-02-04 20:41:59.399] [jointLog] [warning] Only 1306145 fragments were mapped, but the number of burn-in fragments was set to 5000000.
The effective lengths have been computed using the observed mappings.

[2025-02-04 20:41:59.399] [jointLog] [info] Mapping rate = 99.9972%

[2025-02-04 20:41:59.399] [jointLog] [info] finished quantifyLibrary()
[2025-02-04 20:41:59.400] [jointLog] [info] Starting optimizer
[2025-02-04 20:41:59.402] [jointLog] [info] Marked 0 weighted equivalence classes as degenerate
[2025-02-04 20:41:59.402] [jointLog] [info] iteration = 0 | max rel diff. = 28.8355
[2025-02-04 20:41:59.460] [jointLog] [info] iteration = 100 | max rel diff. = 0.00499731
[2025-02-04 20:41:59.460] [jointLog] [info] Finished optimizer
[2025-02-04 20:41:59.460] [jointLog] [info] writing output 

