[2025-02-04 20:41:59.748] [jointLog] [info] setting maxHashResizeThreads to 2
[2025-02-04 20:41:59.748] [jointLog] [info] Fragment incompatibility prior below threshold.  Incompatible fragments will be ignored.
[2025-02-04 20:41:59.748] [jointLog] [info] Usage of --validateMappings implies use of minScoreFraction. Since not explicitly specified, it is being set to 0.65
[2025-02-04 20:41:59.748] [jointLog] [info] Setting consensusSlack to selective-alignment default of 0.35.
[2025-02-04 20:41:59.748] [jointLog] [info] parsing read library format
[2025-02-04 20:41:59.748] [jointLog] [info] There is 1 library.
[2025-02-04 20:41:59.748] [jointLog] [info] Loading pufferfish index
[2025-02-04 20:41:59.748] [jointLog] [info] Loading dense pufferfish index.
[2025-02-04 20:41:59.755] [jointLog] [info] done
[2025-02-04 20:41:59.848] [jointLog] [info] Index contained 1,524 targets
[2025-02-04 20:41:59.848] [jointLog] [info] Number of decoys : 0
[2025-02-04 20:42:09.222] [fileLog] [info] 
At end of round 0
==================
Observed 1383861 total fragments (1383861 in most recent round)

[2025-02-04 20:42:09.221] [jointLog] [info] Computed 7,414 rich equivalence classes for further processing
[2025-02-04 20:42:09.222] [jointLog] [info] Counted 1,383,845 total reads in the equivalence classes 
[2025-02-04 20:42:09.224] [jointLog] [info] Number of mappings discarded because of alignment score : 235,105
[2025-02-04 20:42:09.224] [jointLog] [info] Number of fragments entirely discarded because of alignment score : 16
[2025-02-04 20:42:09.224] [jointLog] [info] Number of fragments discarded because they are best-mapped to decoys : 0
[2025-02-04 20:42:09.224] [jointLog] [info] Number of fragments discarded because they have only dovetail (discordant) mappings to valid targets : 758
[2025-02-04 20:42:09.224] [jointLog] [warning] Only 1383845 fragments were mapped, but the number of burn-in fragments was set to 5000000.
The effective lengths have been computed using the observed mappings.

[2025-02-04 20:42:09.224] [jointLog] [info] Mapping rate = 99.9988%

[2025-02-04 20:42:09.224] [jointLog] [info] finished quantifyLibrary()
[2025-02-04 20:42:09.224] [jointLog] [info] Starting optimizer
[2025-02-04 20:42:09.226] [jointLog] [info] Marked 0 weighted equivalence classes as degenerate
[2025-02-04 20:42:09.226] [jointLog] [info] iteration = 0 | max rel diff. = 21.6662
[2025-02-04 20:42:09.281] [jointLog] [info] iteration = 100 | max rel diff. = 0.00818492
[2025-02-04 20:42:09.281] [jointLog] [info] Finished optimizer
[2025-02-04 20:42:09.281] [jointLog] [info] writing output 

