[2025-01-28 13:52:24.266] [jointLog] [info] setting maxHashResizeThreads to 2
[2025-01-28 13:52:24.266] [jointLog] [info] Fragment incompatibility prior below threshold.  Incompatible fragments will be ignored.
[2025-01-28 13:52:24.266] [jointLog] [info] Usage of --validateMappings implies use of minScoreFraction. Since not explicitly specified, it is being set to 0.65
[2025-01-28 13:52:24.266] [jointLog] [info] Setting consensusSlack to selective-alignment default of 0.35.
[2025-01-28 13:52:24.266] [jointLog] [info] parsing read library format
[2025-01-28 13:52:24.266] [jointLog] [info] There is 1 library.
[2025-01-28 13:52:24.266] [jointLog] [info] Loading pufferfish index
[2025-01-28 13:52:24.266] [jointLog] [info] Loading dense pufferfish index.
[2025-01-28 13:52:24.274] [jointLog] [info] done
[2025-01-28 13:52:24.353] [jointLog] [info] Index contained 1,524 targets
[2025-01-28 13:52:24.353] [jointLog] [info] Number of decoys : 0
[2025-01-28 13:52:33.286] [fileLog] [info] 
At end of round 0
==================
Observed 1299193 total fragments (1299193 in most recent round)

[2025-01-28 13:52:33.285] [jointLog] [info] Computed 7,777 rich equivalence classes for further processing
[2025-01-28 13:52:33.285] [jointLog] [info] Counted 1,299,173 total reads in the equivalence classes 
[2025-01-28 13:52:33.287] [jointLog] [info] Number of mappings discarded because of alignment score : 275,269
[2025-01-28 13:52:33.287] [jointLog] [info] Number of fragments entirely discarded because of alignment score : 20
[2025-01-28 13:52:33.287] [jointLog] [info] Number of fragments discarded because they are best-mapped to decoys : 0
[2025-01-28 13:52:33.287] [jointLog] [info] Number of fragments discarded because they have only dovetail (discordant) mappings to valid targets : 863
[2025-01-28 13:52:33.288] [jointLog] [warning] Only 1299173 fragments were mapped, but the number of burn-in fragments was set to 5000000.
The effective lengths have been computed using the observed mappings.

[2025-01-28 13:52:33.288] [jointLog] [info] Mapping rate = 99.9985%

[2025-01-28 13:52:33.288] [jointLog] [info] finished quantifyLibrary()
[2025-01-28 13:52:33.288] [jointLog] [info] Starting optimizer
[2025-01-28 13:52:33.290] [jointLog] [info] Marked 0 weighted equivalence classes as degenerate
[2025-01-28 13:52:33.290] [jointLog] [info] iteration = 0 | max rel diff. = 22.7938
[2025-01-28 13:52:33.318] [jointLog] [info] iteration = 100 | max rel diff. = 0.00819065
[2025-01-28 13:52:33.318] [jointLog] [info] Finished optimizer
[2025-01-28 13:52:33.318] [jointLog] [info] writing output 

