[2025-02-03 19:10:49.929] [jointLog] [info] setting maxHashResizeThreads to 2
[2025-02-03 19:10:49.929] [jointLog] [info] Fragment incompatibility prior below threshold.  Incompatible fragments will be ignored.
[2025-02-03 19:10:49.929] [jointLog] [info] Usage of --validateMappings implies use of minScoreFraction. Since not explicitly specified, it is being set to 0.65
[2025-02-03 19:10:49.929] [jointLog] [info] Setting consensusSlack to selective-alignment default of 0.35.
[2025-02-03 19:10:49.929] [jointLog] [info] parsing read library format
[2025-02-03 19:10:49.929] [jointLog] [info] There is 1 library.
[2025-02-03 19:10:49.929] [jointLog] [info] Loading pufferfish index
[2025-02-03 19:10:49.929] [jointLog] [info] Loading dense pufferfish index.
[2025-02-03 19:10:49.937] [jointLog] [info] done
[2025-02-03 19:10:50.020] [jointLog] [info] Index contained 1,524 targets
[2025-02-03 19:10:50.020] [jointLog] [info] Number of decoys : 0
[2025-02-03 19:10:56.884] [fileLog] [info] 
At end of round 0
==================
Observed 1176740 total fragments (1176740 in most recent round)

[2025-02-03 19:10:56.884] [jointLog] [info] Computed 7,610 rich equivalence classes for further processing
[2025-02-03 19:10:56.884] [jointLog] [info] Counted 1,176,723 total reads in the equivalence classes 
[2025-02-03 19:10:56.886] [jointLog] [info] Number of mappings discarded because of alignment score : 231,094
[2025-02-03 19:10:56.886] [jointLog] [info] Number of fragments entirely discarded because of alignment score : 17
[2025-02-03 19:10:56.886] [jointLog] [info] Number of fragments discarded because they are best-mapped to decoys : 0
[2025-02-03 19:10:56.886] [jointLog] [info] Number of fragments discarded because they have only dovetail (discordant) mappings to valid targets : 718
[2025-02-03 19:10:56.886] [jointLog] [warning] Only 1176723 fragments were mapped, but the number of burn-in fragments was set to 5000000.
The effective lengths have been computed using the observed mappings.

[2025-02-03 19:10:56.886] [jointLog] [info] Mapping rate = 99.9986%

[2025-02-03 19:10:56.886] [jointLog] [info] finished quantifyLibrary()
[2025-02-03 19:10:56.886] [jointLog] [info] Starting optimizer
[2025-02-03 19:10:56.888] [jointLog] [info] Marked 0 weighted equivalence classes as degenerate
[2025-02-03 19:10:56.889] [jointLog] [info] iteration = 0 | max rel diff. = 17.8724
[2025-02-03 19:10:56.917] [jointLog] [info] iteration = 100 | max rel diff. = 0.012566
[2025-02-03 19:10:56.945] [jointLog] [info] iteration = 200 | max rel diff. = 0.0844929
[2025-02-03 19:10:56.948] [jointLog] [info] iteration = 213 | max rel diff. = 0.00406479
[2025-02-03 19:10:56.948] [jointLog] [info] Finished optimizer
[2025-02-03 19:10:56.948] [jointLog] [info] writing output 

