[2025-01-28 13:52:17.649] [jointLog] [info] setting maxHashResizeThreads to 2
[2025-01-28 13:52:17.649] [jointLog] [info] Fragment incompatibility prior below threshold.  Incompatible fragments will be ignored.
[2025-01-28 13:52:17.649] [jointLog] [info] Usage of --validateMappings implies use of minScoreFraction. Since not explicitly specified, it is being set to 0.65
[2025-01-28 13:52:17.649] [jointLog] [info] Setting consensusSlack to selective-alignment default of 0.35.
[2025-01-28 13:52:17.650] [jointLog] [info] parsing read library format
[2025-01-28 13:52:17.650] [jointLog] [info] There is 1 library.
[2025-01-28 13:52:17.650] [jointLog] [info] Loading pufferfish index
[2025-01-28 13:52:17.650] [jointLog] [info] Loading dense pufferfish index.
[2025-01-28 13:52:17.658] [jointLog] [info] done
[2025-01-28 13:52:17.736] [jointLog] [info] Index contained 1,524 targets
[2025-01-28 13:52:17.737] [jointLog] [info] Number of decoys : 0
[2025-01-28 13:52:23.443] [jointLog] [info] Computed 7,498 rich equivalence classes for further processing
[2025-01-28 13:52:23.443] [jointLog] [info] Counted 994,469 total reads in the equivalence classes 
[2025-01-28 13:52:23.445] [jointLog] [info] Number of mappings discarded because of alignment score : 188,943
[2025-01-28 13:52:23.445] [jointLog] [info] Number of fragments entirely discarded because of alignment score : 21
[2025-01-28 13:52:23.445] [jointLog] [info] Number of fragments discarded because they are best-mapped to decoys : 0
[2025-01-28 13:52:23.445] [jointLog] [info] Number of fragments discarded because they have only dovetail (discordant) mappings to valid targets : 689
[2025-01-28 13:52:23.445] [jointLog] [warning] Only 994469 fragments were mapped, but the number of burn-in fragments was set to 5000000.
The effective lengths have been computed using the observed mappings.

[2025-01-28 13:52:23.445] [jointLog] [info] Mapping rate = 99.9979%

[2025-01-28 13:52:23.445] [jointLog] [info] finished quantifyLibrary()
[2025-01-28 13:52:23.445] [jointLog] [info] Starting optimizer
[2025-01-28 13:52:23.448] [jointLog] [info] Marked 0 weighted equivalence classes as degenerate
[2025-01-28 13:52:23.448] [jointLog] [info] iteration = 0 | max rel diff. = 22.0036
[2025-01-28 13:52:23.476] [jointLog] [info] iteration = 100 | max rel diff. = 0.00458764
[2025-01-28 13:52:23.476] [jointLog] [info] Finished optimizer
[2025-01-28 13:52:23.476] [jointLog] [info] writing output 

[2025-01-28 13:52:23.443] [fileLog] [info] 
At end of round 0
==================
Observed 994490 total fragments (994490 in most recent round)

