[2025-02-03 19:11:05.188] [jointLog] [info] setting maxHashResizeThreads to 2
[2025-02-03 19:11:05.188] [jointLog] [info] Fragment incompatibility prior below threshold.  Incompatible fragments will be ignored.
[2025-02-03 19:11:05.188] [jointLog] [info] Usage of --validateMappings implies use of minScoreFraction. Since not explicitly specified, it is being set to 0.65
[2025-02-03 19:11:05.189] [jointLog] [info] Setting consensusSlack to selective-alignment default of 0.35.
[2025-02-03 19:11:05.189] [jointLog] [info] parsing read library format
[2025-02-03 19:11:05.189] [jointLog] [info] There is 1 library.
[2025-02-03 19:11:05.189] [jointLog] [info] Loading pufferfish index
[2025-02-03 19:11:05.189] [jointLog] [info] Loading dense pufferfish index.
[2025-02-03 19:11:05.197] [jointLog] [info] done
[2025-02-03 19:11:05.282] [jointLog] [info] Index contained 1,524 targets
[2025-02-03 19:11:05.282] [jointLog] [info] Number of decoys : 0
[2025-02-03 19:11:12.610] [fileLog] [info] 
At end of round 0
==================
Observed 1156903 total fragments (1156903 in most recent round)

[2025-02-03 19:11:12.609] [jointLog] [info] Computed 7,622 rich equivalence classes for further processing
[2025-02-03 19:11:12.609] [jointLog] [info] Counted 1,156,888 total reads in the equivalence classes 
[2025-02-03 19:11:12.611] [jointLog] [info] Number of mappings discarded because of alignment score : 224,286
[2025-02-03 19:11:12.611] [jointLog] [info] Number of fragments entirely discarded because of alignment score : 15
[2025-02-03 19:11:12.611] [jointLog] [info] Number of fragments discarded because they are best-mapped to decoys : 0
[2025-02-03 19:11:12.611] [jointLog] [info] Number of fragments discarded because they have only dovetail (discordant) mappings to valid targets : 726
[2025-02-03 19:11:12.611] [jointLog] [warning] Only 1156888 fragments were mapped, but the number of burn-in fragments was set to 5000000.
The effective lengths have been computed using the observed mappings.

[2025-02-03 19:11:12.611] [jointLog] [info] Mapping rate = 99.9987%

[2025-02-03 19:11:12.611] [jointLog] [info] finished quantifyLibrary()
[2025-02-03 19:11:12.611] [jointLog] [info] Starting optimizer
[2025-02-03 19:11:12.614] [jointLog] [info] Marked 0 weighted equivalence classes as degenerate
[2025-02-03 19:11:12.614] [jointLog] [info] iteration = 0 | max rel diff. = 18.5376
[2025-02-03 19:11:12.648] [jointLog] [info] iteration = 100 | max rel diff. = 0.00588814
[2025-02-03 19:11:12.648] [jointLog] [info] Finished optimizer
[2025-02-03 19:11:12.648] [jointLog] [info] writing output 

