[2025-02-03 19:10:43.352] [jointLog] [info] setting maxHashResizeThreads to 2
[2025-02-03 19:10:43.352] [jointLog] [info] Fragment incompatibility prior below threshold.  Incompatible fragments will be ignored.
[2025-02-03 19:10:43.352] [jointLog] [info] Usage of --validateMappings implies use of minScoreFraction. Since not explicitly specified, it is being set to 0.65
[2025-02-03 19:10:43.352] [jointLog] [info] Setting consensusSlack to selective-alignment default of 0.35.
[2025-02-03 19:10:43.352] [jointLog] [info] parsing read library format
[2025-02-03 19:10:43.352] [jointLog] [info] There is 1 library.
[2025-02-03 19:10:43.352] [jointLog] [info] Loading pufferfish index
[2025-02-03 19:10:43.352] [jointLog] [info] Loading dense pufferfish index.
[2025-02-03 19:10:43.361] [jointLog] [info] done
[2025-02-03 19:10:43.447] [jointLog] [info] Index contained 1,524 targets
[2025-02-03 19:10:43.447] [jointLog] [info] Number of decoys : 0
[2025-02-03 19:10:49.097] [jointLog] [info] Computed 7,509 rich equivalence classes for further processing
[2025-02-03 19:10:49.097] [jointLog] [info] Counted 1,009,985 total reads in the equivalence classes 
[2025-02-03 19:10:49.099] [jointLog] [info] Number of mappings discarded because of alignment score : 193,930
[2025-02-03 19:10:49.099] [jointLog] [info] Number of fragments entirely discarded because of alignment score : 10
[2025-02-03 19:10:49.099] [jointLog] [info] Number of fragments discarded because they are best-mapped to decoys : 0
[2025-02-03 19:10:49.099] [jointLog] [info] Number of fragments discarded because they have only dovetail (discordant) mappings to valid targets : 526
[2025-02-03 19:10:49.099] [jointLog] [warning] Only 1009985 fragments were mapped, but the number of burn-in fragments was set to 5000000.
The effective lengths have been computed using the observed mappings.

[2025-02-03 19:10:49.099] [jointLog] [info] Mapping rate = 99.999%

[2025-02-03 19:10:49.099] [jointLog] [info] finished quantifyLibrary()
[2025-02-03 19:10:49.099] [jointLog] [info] Starting optimizer
[2025-02-03 19:10:49.101] [jointLog] [info] Marked 0 weighted equivalence classes as degenerate
[2025-02-03 19:10:49.102] [jointLog] [info] iteration = 0 | max rel diff. = 24.1863
[2025-02-03 19:10:49.129] [jointLog] [info] iteration = 100 | max rel diff. = 0.00595827
[2025-02-03 19:10:49.129] [jointLog] [info] Finished optimizer
[2025-02-03 19:10:49.129] [jointLog] [info] writing output 

[2025-02-03 19:10:49.097] [fileLog] [info] 
At end of round 0
==================
Observed 1009995 total fragments (1009995 in most recent round)

